              four   1 *0     1.00000
              hath  14  17    0.82353
             sleep   3 *0     3.00000
           hanging   1 *0     1.00000
          evermore   1 *0     1.00000
              hate   3 *0     3.00000
            forget   1 *0     1.00000
             whose   5   5    1.00000
          sweetest   1   2    0.50000
          painters   1 *0     1.00000
        whatsoever   1 *0     1.00000
             under   2   1    2.00000
              lord   1   4    0.25000
             sorry   1   1    1.00000
             pride   1   5    0.20000
             worth   5 *0     5.00000
             hadst   2 *0     2.00000
             worms   1 *0     1.00000
             every   9   4    2.25000
             prize   1 *0     1.00000
        succession   1 *0     1.00000
            graces   1   1    1.00000
           triumph   1   1    1.00000
             enjoy   1 *0     1.00000
             tired   1 *0     1.00000
             razed   1 *0     1.00000
        outstrippd   1 *0     1.00000
          persuade   1 *0     1.00000
              even   9 *0     9.00000
              hide   2 *0     2.00000
           thunder   1 *0     1.00000
           liberty   1 *0     1.00000
            lights   1 *0     1.00000
            feelst   1 *0     1.00000
               new   5   6    0.83333
              ever   2  16    0.12500
              told   1   1    1.00000
             sinks   1 *0     1.00000
             never   2  14    0.14286
              here   3   4    0.75000
              herd   1 *0     1.00000
            active   1 *0     1.00000
               dry   1   1    1.00000
         substance   3 *0     3.00000
            leaves   3   2    1.50000
             smoke   1 *0     1.00000
           natures   3   1    3.00000
           settled   1 *0     1.00000
            golden   3 *0     3.00000
            divide   1   1    1.00000
       kindhearted   1 *0     1.00000
           sorrows   2   7    0.28571
            thrust   1   1    1.00000
          presents   1 *0     1.00000
             would   8   5    1.60000
             music   2   2    1.00000
         therefore   3   2    1.50000
           survive   1   1    1.00000
           gilding   2 *0     2.00000
              tell   5   3    1.66667
           breathe   2 *0     2.00000
             leese   1 *0     1.00000
           unbless   1 *0     1.00000
              holy   1 *0     1.00000
              wary   1 *0     1.00000
            brings   1   2    0.50000
              muse   5   4    1.25000
             grief   5   4    1.25000
             glass   4 *0     4.00000
              warm   1 *0     1.00000
         excellent   1 *0     1.00000
              hold   1   3    0.33333
              must   8  10    0.80000
                me  46  56    0.82143
             foild   1 *0     1.00000
            rights   1 *0     1.00000
              work   2   1    2.00000
              roof   1 *0     1.00000
           meadows   1 *0     1.00000
               ere   2   3    0.66667
                my 119 137    0.86861
              wane   1 *0     1.00000
              want   2 *0     2.00000
             times  11   1    11.00000
          ceremony   1 *0     1.00000
               end   5   4    1.25000
             gusts   1 *0     1.00000
            travel   2 *0     2.00000
           featurd   1 *0     1.00000
               far   4   4    1.00000
               hot   1   2    0.50000
            answer   1   3    0.33333
              gate   1   1    1.00000
            beauty  19  17    1.11765
             after   2 *0     2.00000
             wrong   2   4    0.50000
               lay   1   3    0.33333
            youths   1 *0     1.00000
             greet   1 *0     1.00000
           purging   1 *0     1.00000
              wink   1 *0     1.00000
             haste   1   1    1.00000
             keeps   1   1    1.00000
             alack   1 *0     1.00000
           wouldst   2 *0     2.00000
              wind   1 *0     1.00000
        couplement   1 *0     1.00000
           consent   1 *0     1.00000
           fortify   1 *0     1.00000
           ghastly   1 *0     1.00000
           wrought   2   1    2.00000
            before   4   1    4.00000
            better   3   2    1.50000
              fade   1   1    1.00000
             carve   1 *0     1.00000
             carvd   1 *0     1.00000
            hidden   1   2    0.50000
              then  35  32    1.09375
              them   7   9    0.77778
             blots   1 *0     1.00000
              thee  66  24    2.75000
             break   3   1    3.00000
              they  12  36    0.33333
            glazed   1 *0     1.00000
               one  18  19    0.94737
            silver   1 *0     1.00000
           shadows   2 *0     2.00000
            herald   1 *0     1.00000
         victories   1 *0     1.00000
           vanishd   1 *0     1.00000
              each   8   4    2.00000
              side   2 *0     2.00000
              luck   1 *0     1.00000
              woes   1   1    1.00000
           concord   1 *0     1.00000
              used   1 *0     1.00000
            forgot   1 *0     1.00000
              whit   1 *0     1.00000
             borne   2   2    1.00000
             large   1 *0     1.00000
             forty   1 *0     1.00000
           content   1 *0     1.00000
          heavenly   3   4    0.75000
          marigold   1 *0     1.00000
             forth   2   8    0.25000
           written   1 *0     1.00000
           eternal   4 *0     4.00000
             given   1 *0     1.00000
              free   1   2    0.50000
            bestow   1 *0     1.00000
         whereupon   1 *0     1.00000
              evil   1 *0     1.00000
           crowned   1 *0     1.00000
          mistress   1   1    1.00000
              fixd   1 *0     1.00000
              knit   1   1    1.00000
           returnd   1 *0     1.00000
           created   1 *0     1.00000
              days   6   2    3.00000
               ist   1 *0     1.00000
             bears   2 *0     2.00000
          tempting   1 *0     1.00000
           ruinate   1 *0     1.00000
              user   1 *0     1.00000
         separable   1 *0     1.00000
           hearsay   1 *0     1.00000
           another   6   2    3.00000
     wellcontented   1 *0     1.00000
            usurer   1 *0     1.00000
               top   1 *0     1.00000
             night  12   3    4.00000
            master   1 *0     1.00000
               too   6   9    0.66667
             dwell   1   1    1.00000
             bodys   1 *0     1.00000
            hearst   1 *0     1.00000
            griefs   1   2    0.50000
              took   2   1    2.00000
            wisdom   1 *0     1.00000
          wanderst   1 *0     1.00000
            begins   1 *0     1.00000
          distance   1 *0     1.00000
            matter   1   1    1.00000
         invention   1   1    1.00000
             flame   1 *0     1.00000
            friend   5   2    2.50000
           fashion   1   1    1.00000
               hue   1   1    1.00000
              mind   5   6    0.83333
              mine  28   9    3.11111
             amiss   1 *0     1.00000
          bewailed   1 *0     1.00000
             churl   2 *0     2.00000
              seem   3 *0     3.00000
              seek   1   2    0.50000
             tells   1 *0     1.00000
          praising   1 *0     1.00000
          strength   2   1    2.00000
            knowst   1 *0     1.00000
        pilgrimage   2 *0     2.00000
             rider   1 *0     1.00000
            maiden   1   1    1.00000
            though   9  10    0.90000
            object   1   1    1.00000
             grave   2 *0     2.00000
             shalt   5   2    2.50000
              flow   1 *0     1.00000
            points   1 *0     1.00000
          prevaild   1 *0     1.00000
           reserve   1 *0     1.00000
             earth   5   6    0.83333
           touches   2 *0     2.00000
              copy   1 *0     1.00000
             spite   2 *0     2.00000
              mens   2 *0     2.00000
              rich   4   2    2.00000
             lodgd   1 *0     1.00000
                do  28  22    1.27273
              stop   2   1    2.00000
          perceive   1 *0     1.00000
           leisure   2 *0     2.00000
           raiment   1 *0     1.00000
          bootless   1 *0     1.00000
           despite   3   1    3.00000
            report   1 *0     1.00000
            seemly   1   1    1.00000
               bar   1   3    0.33333
           thrusts   1 *0     1.00000
         oerchargd   1 *0     1.00000
             steal   2 *0     2.00000
            thanks   1 *0     1.00000
       unprovident   1 *0     1.00000
       unrespected   1 *0     1.00000
              fair  17  15    1.13333
              best   6   2    3.00000
           subject   1   2    0.50000
              said   1 *0     1.00000
        temptation   1 *0     1.00000
              away   3   3    1.00000
              bier   1 *0     1.00000
               mud   1 *0     1.00000
          refigurd   1 *0     1.00000
             scorn   1   4    0.25000
             drawn   2 *0     2.00000
           warrior   1 *0     1.00000
                we   3   7    0.42857
               men   7   4    1.75000
            nature   3   1    3.00000
              weak   1   3    0.33333
       authorizing   1 *0     1.00000
        disdaineth   1 *0     1.00000
              wear   1   2    0.50000
             diest   1 *0     1.00000
              pity   1   6    0.16667
              foes   1 *0     1.00000
             fault   1   1    1.00000
               ill   4   3    1.33333
            stirrd   1 *0     1.00000
           against   7   1    7.00000
              brag   1 *0     1.00000
             faces   1 *0     1.00000
           expense   1 *0     1.00000
             asked   1 *0     1.00000
           burthen   1 *0     1.00000
            height   2 *0     2.00000
              hers   1 *0     1.00000
             trust   2 *0     2.00000
             heals   1 *0     1.00000
             speak   1   4    0.25000
              puts   1 *0     1.00000
             twain   3   1    3.00000
              much   6   5    1.20000
          interest   1 *0     1.00000
            lovely   3   4    0.75000
              life   6   8    0.75000
            feedst   1   1    1.00000
          decrepit   1 *0     1.00000
             child   5 *0     5.00000
              doth  27  39    0.69231
              erst   1   1    1.00000
          gracious   2 *0     2.00000
          possessd   2 *0     2.00000
               air   3 *0     3.00000
              ugly   1 *0     1.00000
           weakens   1 *0     1.00000
                is  38  43    0.88372
                it  26  23    1.13043
          defeated   1 *0     1.00000
             shame   5   1    5.00000
         splendour   1 *0     1.00000
                in 105  74    1.41892
         bounteous   2   1    2.00000
                if  25  15    1.66667
             grown   1 *0     1.00000
            awakes   1 *0     1.00000
            things   4   3    1.33333
              make  18  14    1.28571
             wound   1   5    0.20000
            beside   1 *0     1.00000
             grows   1 *0     1.00000
          entitled   1 *0     1.00000
             lusty   2   1    2.00000
            fairly   1 *0     1.00000
            permit   1 *0     1.00000
              tops   1   1    1.00000
              rain   2 *0     2.00000
              hand   3   4    0.75000
           delight   3   2    1.50000
              dark   1   4    0.25000
           bequest   1 *0     1.00000
          thoughts   6   5    1.20000
              kept   1   1    1.00000
               thy 100  43    2.32558
        singleness   1 *0     1.00000
            ragged   1 *0     1.00000
          greatest   1 *0     1.00000
            mother   2   1    2.00000
            hearts   5   2    2.50000
               the 143 148    0.96622
             yours   2 *0     2.00000
              left   3 *0     3.00000
          wasteful   1 *0     1.00000
               yea   1   1    1.00000
            unfair   1 *0     1.00000
            repose   1 *0     1.00000
           farther   2 *0     2.00000
     prognosticate   1 *0     1.00000
            plight   1 *0     1.00000
               yet  16  26    0.61538
        succeeding   1 *0     1.00000
            adding   1   1    1.00000
            dearer   1 *0     1.00000
              ease   1   1    1.00000
              easd   1 *0     1.00000
               had   3   8    0.37500
         presagers   1 *0     1.00000
           alchemy   1 *0     1.00000
           belongs   1 *0     1.00000
               hap   1 *0     1.00000
              save   3 *0     3.00000
              gave   2   3    0.66667
             beast   1 *0     1.00000
             birth   2   1    2.00000
            shadow   3   3    1.00000
            dreams   2 *0     2.00000
            desire   3   6    0.50000
           brought   2   4    0.50000
              gift   1 *0     1.00000
            gildst   1 *0     1.00000
              hung   2 *0     2.00000
           antique   2 *0     2.00000
             right   2 *0     2.00000
               old   8   2    4.00000
           flatter   2 *0     2.00000
              deaf   1 *0     1.00000
              dead   3   1    3.00000
             winds   1 *0     1.00000
              dear   8   6    1.33333
           enemies   1   1    1.00000
               for  64  40    1.60000
          rehearse   2 *0     2.00000
               foe   1   2    0.50000
   selfsubstantial   1 *0     1.00000
              burn   1   3    0.33333
          shifting   1 *0     1.00000
            losing   1 *0     1.00000
              peep   1 *0     1.00000
          disdains   1 *0     1.00000
            theirs   2 *0     2.00000
             haply   1 *0     1.00000
                 o  12  16    0.75000
           cherish   1   1    1.00000
          presence   1   1    1.00000
             civil   1 *0     1.00000
            nought   2   5    0.40000
               son   3   2    1.50000
              down   1   3    0.33333
              lies   7   2    3.50000
         strangely   1   1    1.00000
           sufficd   1 *0     1.00000
          teachest   1 *0     1.00000
             fight   1   1    1.00000
               way   6   1    6.00000
              call   2   2    1.00000
               was   5  16    0.31250
               war   5   3    1.66667
             happy   6   1    6.00000
              head   3   1    3.00000
            faring   1 *0     1.00000
              form   6   1    6.00000
            tigers   1 *0     1.00000
              fore   1 *0     1.00000
           heinous   1 *0     1.00000
              heat   1   1    1.00000
              hear   2   2    1.00000
              true   5   4    1.25000
            absent   1   1    1.00000
              bids   1   2    0.50000
             until   1   1    1.00000
           crystal   1   2    0.50000
             adore   1   1    1.00000
           engraft   1 *0     1.00000
            belovd   2 *0     2.00000
          disgrace   3   1    3.00000
          expressd   1 *0     1.00000
          sometime   3 *0     3.00000
            shines   2 *0     2.00000
            widows   1 *0     1.00000
         injurious   1 *0     1.00000
                no  14  23    0.60870
             excel   1 *0     1.00000
             actor   1 *0     1.00000
               tis   2   2    1.00000
        thriftless   1 *0     1.00000
         despising   1 *0     1.00000
            papers   1 *0     1.00000
           picturd   1 *0     1.00000
           picture   3 *0     3.00000
            intend   1 *0     1.00000
           phoenix   1 *0     1.00000
              dies   1 *0     1.00000
           journey   2 *0     2.00000
             reign   1 *0     1.00000
           rolling   1 *0     1.00000
              died   1 *0     1.00000
            longer   3 *0     3.00000
             daily   1 *0     1.00000
             teeth   1   1    1.00000
              laws   1 *0     1.00000
             souls   3 *0     3.00000
            invent   1 *0     1.00000
         engrafted   1 *0     1.00000
             leads   1   1    1.00000
            father   2 *0     2.00000
         confounds   2 *0     2.00000
           furrows   1 *0     1.00000
         abundance   3 *0     3.00000
            string   1 *0     1.00000
           trouble   1   1    1.00000
            feeble   1   1    1.00000
            clouds   4 *0     4.00000
               did   6  20    0.30000
               die   6   6    1.00000
               dig   1 *0     1.00000
             leave   4   3    1.33333
             brave   3 *0     3.00000
              says   1 *0     1.00000
              sigh   1   2    0.50000
         wherefore   1 *0     1.00000
              fear   4   3    1.33333
             curse   1 *0     1.00000
            appear   1   4    0.25000
             heres   1 *0     1.00000
        contracted   1 *0     1.00000
            favour   1 *0     1.00000
              wail   2 *0     2.00000
            honour   6   1    6.00000
             water   1   2    0.50000
         entertain   1   2    0.50000
             alone   7   4    1.75000
            change   5 *0     5.00000
            climbd   1 *0     1.00000
             boast   2   1    2.00000
          wherever   1 *0     1.00000
        recounting   1 *0     1.00000
              love  50  24    2.08333
              lovd   2 *0     2.00000
            bloody   2 *0     2.00000
            wealth   2   1    2.00000
             prove   5   3    1.66667
              sake   3   2    1.50000
              give  10   7    1.42857
              only   2   5    0.40000
            wrongs   1 *0     1.00000
              live  12  10    1.20000
          selfsame   1 *0     1.00000
            memory   2   1    2.00000
             scope   1   1    1.00000
            loving   4   2    2.00000
            fierce   2   1    2.00000
              riot   1 *0     1.00000
          sessions   1 *0     1.00000
        acceptable   1 *0     1.00000
             drown   1 *0     1.00000
             sheds   1 *0     1.00000
               car   1   1    1.00000
              sour   1 *0     1.00000
               can  15  13    1.15385
           growing   1   1    1.00000
            making   2   2    1.00000
          deceased   1 *0     1.00000
             heart  17  18    0.94444
           respose   1 *0     1.00000
             lockd   1 *0     1.00000
           predict   1 *0     1.00000
          famoused   1 *0     1.00000
          fortunes   1   1    1.00000
             hides   1 *0     1.00000
             stoln   2 *0     2.00000
           provoke   1 *0     1.00000
            bereft   1   1    1.00000
            winter   2 *0     2.00000
           divided   1 *0     1.00000
         undivided   1 *0     1.00000
             cloak   1 *0     1.00000
          trophies   1 *0     1.00000
           tatterd   2 *0     2.00000
             write   3   4    0.75000
              till   5   2    2.50000
         husbandry   2 *0     2.00000
               may  12  16    0.75000
  swartcomplexiond   1 *0     1.00000
              date   4   1    4.00000
              such  10  15    0.66667
              grow   2   3    0.66667
               man   2   1    2.00000
         temperate   1 *0     1.00000
            liquid   1 *0     1.00000
           candles   1 *0     1.00000
                so  40  37    1.08108
           deceive   2   1    2.00000
            thorns   1 *0     1.00000
          increase   3 *0     3.00000
            forced   1 *0     1.00000
           serving   1 *0     1.00000
         receivest   1 *0     1.00000
           wishing   1   1    1.00000
             years   1   1    1.00000
            course   2   1    2.00000
             pitch   1 *0     1.00000
              cold   3 *0     3.00000
             still  12  16    0.75000
            trifle   1 *0     1.00000
             limbs   2 *0     2.00000
            derive   1 *0     1.00000
               how  16  15    1.06667
             curls   1 *0     1.00000
           tillage   1 *0     1.00000
              into   2   3    0.66667
             dimmd   1 *0     1.00000
           closure   1 *0     1.00000
            truest   1   1    1.00000
          equipage   1 *0     1.00000
           thereby   2 *0     2.00000
              half   1   1    1.00000
               not  50  29    1.72414
               now  13  13    1.00000
               nor  11  14    0.78571
              name   2   1    2.00000
           oertake   1 *0     1.00000
              year   1 *0     1.00000
             hymns   1 *0     1.00000
            living   3   6    0.50000
             space   1 *0     1.00000
             abide   2   1    2.00000
           looking   2   3    0.66667
         receiving   1 *0     1.00000
             shows   3   1    3.00000
             quite   2   2    1.00000
              plea   2 *0     2.00000
              care   1   4    0.25000
         embassage   1 *0     1.00000
         contented   1 *0     1.00000
            motion   1 *0     1.00000
             thing   5   4    1.25000
             thine  26   6    4.33333
             place   3   1    3.00000
        recompense   1 *0     1.00000
             widow   2 *0     2.00000
             think   3   3    1.00000
             first   2   5    0.40000
             blind   1 *0     1.00000
             mayst   4   1    4.00000
          yourself   3   1    3.00000
              long   5   9    0.55556
            sounds   1 *0     1.00000
              open   1 *0     1.00000
            little   1   3    0.33333
           checked   2   1    2.00000
            silent   2   1    2.00000
             breed   2   1    2.00000
            bounty   1   1    1.00000
             white   2 *0     2.00000
          speaking   1 *0     1.00000
             gives   2   1    2.00000
             gaudy   1 *0     1.00000
              eyes  24  10    2.40000
              that  96  88    1.09091
           proving   1 *0     1.00000
            girded   1 *0     1.00000
           flowers   3   1    3.00000
              than  16   9    1.77778
              wide   2   1    2.00000
              wert   1 *0     1.00000
             folly   1   1    1.00000
              were  12   4    3.00000
               and 168 168    1.00000
          argument   1 *0     1.00000
            jewels   1 *0     1.00000
               sad   2   5    0.40000
               say   8   4    2.00000
            buried   3 *0     3.00000
             anger   1   1    1.00000
               sap   2   1    2.00000
               any   4   3    1.33333
              note   1 *0     1.00000
            wretch   1 *0     1.00000
              take   4   7    0.57143
        resembling   2 *0     2.00000
           wanting   1   1    1.00000
         strengths   1 *0     1.00000
             blunt   1 *0     1.00000
              sure   1 *0     1.00000
              pain   1   3    0.33333
           clearer   1 *0     1.00000
              paid   1   1    1.00000
          staineth   1 *0     1.00000
             tract   1 *0     1.00000
           winters   3   1    3.00000
             proud   3   4    0.75000
             filld   1 *0     1.00000
            touchd   1 *0     1.00000
           glutton   1 *0     1.00000
           buriest   1 *0     1.00000
              shop   1 *0     1.00000
              show   7   4    1.75000
       swiftfooted   1   1    1.00000
             merit   1 *0     1.00000
          trespass   1 *0     1.00000
            bright   8   5    1.60000
              slow   1 *0     1.00000
              woos   1 *0     1.00000
            stormy   1 *0     1.00000
             title   1 *0     1.00000
          treasure   4 *0     4.00000
              robs   1 *0     1.00000
            behind   2 *0     2.00000
             crime   1 *0     1.00000
             tears   2  11    0.18182
             lovst   2 *0     2.00000
             black   1   2    0.50000
             stain   2 *0     2.00000
          consumst   1 *0     1.00000
               get   1 *0     1.00000
             truly   1 *0     1.00000
            cannot   3   5    0.60000
            nearly   1 *0     1.00000
         firstborn   1 *0     1.00000
             prime   2 *0     2.00000
           morning   1 *0     1.00000
             naked   1   1    1.00000
             miles   2 *0     2.00000
             where  17  10    1.70000
           husband   1 *0     1.00000
              seas   1 *0     1.00000
                up   4   4    1.00000
            famine   1 *0     1.00000
           expiate   1 *0     1.00000
              seal   1 *0     1.00000
          untrimmd   1 *0     1.00000
          ornament   2   1    2.00000
            gainst   3   2    1.50000
         departest   1 *0     1.00000
        complexion   1 *0     1.00000
             sable   1 *0     1.00000
            enjoys   1 *0     1.00000
         untainted   1 *0     1.00000
           forsake   1   1    1.00000
             pluck   2 *0     2.00000
             blame   1 *0     1.00000
            faults   1   1    1.00000
            reigns   1 *0     1.00000
        profitless   1 *0     1.00000
              come   5   6    0.83333
              mans   2 *0     2.00000
             blamd   1 *0     1.00000
              many   8   1    8.00000
            region   1 *0     1.00000
             quiet   1 *0     1.00000
              duty   3   1    3.00000
             among   1 *0     1.00000
         unthrifts   1 *0     1.00000
         unthrifty   1 *0     1.00000
             slain   1   2    0.50000
         stretched   1 *0     1.00000
             lifes   1 *0     1.00000
              west   1   1    1.00000
              mark   1 *0     1.00000
          straying   1 *0     1.00000
          thousand   1   4    0.25000
          deservst   1 *0     1.00000
           careful   1 *0     1.00000
         deceivest   1 *0     1.00000
             those  12  11    1.09091
            myself   5   5    1.00000
             these   6  13    0.46154
           sheaves   1 *0     1.00000
           adoting   1 *0     1.00000
            proves   1 *0     1.00000
              brow   3   1    3.00000
            middle   1 *0     1.00000
            return   1 *0     1.00000
             harsh   1 *0     1.00000
               pay   2 *0     2.00000
              same   2   2    1.00000
            shifts   1 *0     1.00000
           twicein   1 *0     1.00000
         selfwilld   1 *0     1.00000
              weed   1 *0     1.00000
          changing   1 *0     1.00000
              weep   2   1    2.00000
           without   3   2    1.50000
            relief   1   3    0.33333
            summer   3 *0     3.00000
             being   7   3    2.33333
              when  45  27    1.66667
              rest   2   4    0.50000
          bareness   1 *0     1.00000
             cease   1   1    1.00000
            aspect   1 *0     1.00000
          distilld   2 *0     2.00000
             speed   1 *0     1.00000
            guides   1   1    1.00000
             death   5   8    0.62500
            womans   3 *0     3.00000
              rose   1 *0     1.00000
             verse   4   1    4.00000
             dully   1 *0     1.00000
         welltuned   1 *0     1.00000
             frown   2 *0     2.00000
             kills   1 *0     1.00000
              read   3   3    1.00000
              sums   1 *0     1.00000
            basest   1 *0     1.00000
           traffic   1 *0     1.00000
             world  11   8    1.37500
           bravery   1 *0     1.00000
        acquainted   1 *0     1.00000
           fortune   4   1    4.00000
           eithers   2 *0     2.00000
           benefit   1 *0     1.00000
            either   1   4    0.25000
           robbery   1 *0     1.00000
         offenders   2 *0     2.00000
            tombed   1 *0     1.00000
         falsehood   1 *0     1.00000
             kings   1 *0     1.00000
            images   1 *0     1.00000
              noon   1 *0     1.00000
              lend   1   2    0.50000
              moon   2   1    2.00000
          destroys   1 *0     1.00000
                on  28  21    1.33333
           zealous   1 *0     1.00000
                of 106 100    1.06000
            whence   1   4    0.25000
              fell   1   4    0.25000
             stand   3   5    0.60000
             lofty   1   4    0.25000
                or  22  13    1.69231
           burning   1 *0     1.00000
             image   2 *0     2.00000
           blessed   2   1    2.00000
              your  19  21    0.90476
              buds   1 *0     1.00000
              fast   3 *0     3.00000
           prepare   1   1    1.00000
             there   5  11    0.45455
             lions   1 *0     1.00000
               low   1   1    1.00000
             stars   5 *0     5.00000
              jaws   1 *0     1.00000
             groan   2 *0     2.00000
            enough   1 *0     1.00000
           strikes   1 *0     1.00000
             makst   1 *0     1.00000
            growst   2 *0     2.00000
              with  80  70    1.14286
              rage   3   2    1.50000
        niggarding   1 *0     1.00000
          strongly   1 *0     1.00000
              gone   5 *0     5.00000
         celestial   1   1    1.00000
             taste   1   1    1.00000
                ah   3   3    1.00000
          stealing   1 *0     1.00000
                am   8   7    1.14286
              deep   2   1    2.00000
                an   8   1    8.00000
          excusing   1 *0     1.00000
                at  10  17    0.58824
                ay   1 *0     1.00000
             again   4   1    4.00000
           deservd   1 *0     1.00000
          longlivd   1 *0     1.00000
            repent   1 *0     1.00000
             roses   1   1    1.00000
               you  19  54    0.35185
              poor   4   8    0.50000
              time  23   4    5.75000
           thouall   1 *0     1.00000
            remote   1 *0     1.00000
             calls   3   1    3.00000
              wife   1 *0     1.00000
             calld   1 *0     1.00000
           apparel   1 *0     1.00000
             unset   1 *0     1.00000
               all  40  26    1.53846
          consider   1 *0     1.00000
          pointing   1 *0     1.00000
           famishd   1 *0     1.00000
              suns   2 *0     2.00000
         forbidden   1 *0     1.00000
              lack   1 *0     1.00000
            bosoms   1 *0     1.00000
              sunk   1   1    1.00000
         religious   1 *0     1.00000
            homage   1 *0     1.00000
         sparkling   1   1    1.00000
                to 129 174    0.74138
           present   1   1    1.00000
                th   1   2    0.50000
           hideous   2   1    2.00000
             woman   2 *0     2.00000
              song   2   5    0.40000
              very   1 *0     1.00000
             worst   1   3    0.33333
            minded   1 *0     1.00000
              fall   1   3    0.33333
              hems   1 *0     1.00000
         vouchsafe   1   2    0.50000
            heaven   6   3    2.00000
           mothers   2   1    2.00000
          silvered   1 *0     1.00000
             small   1   2    0.50000
            tender   4   2    2.00000
           quicker   1 *0     1.00000
               ten   7   2    3.50000
              past   2   3    0.66667
          bestowst   1 *0     1.00000
            uneard   1 *0     1.00000
       perspective   1 *0     1.00000
              pass   1 *0     1.00000
         creatures   1 *0     1.00000
              what  16  19    0.84211
           defence   1 *0     1.00000
          darkness   1 *0     1.00000
           sweetly   2 *0     2.00000
             clock   1 *0     1.00000
               sun   6   5    1.20000
               sum   3   1    3.00000
             brief   1 *0     1.00000
         yourselfs   1 *0     1.00000
             nurse   1 *0     1.00000
            public   2 *0     2.00000
              womb   1 *0     1.00000
          outgoing   1 *0     1.00000
              full   2   3    0.66667
           answers   1 *0     1.00000
             hours   4   1    4.00000
              hast   6 *0     6.00000
            strong   2   3    0.66667
           respect   2 *0     2.00000
            losses   1 *0     1.00000
           dearths   1 *0     1.00000
            stelld   1 *0     1.00000
            depart   1   1    1.00000
          unthrift   1 *0     1.00000
               eye  18   3    6.00000
             takes   3 *0     3.00000
               two   4   4    1.00000
             pearl   1   1    1.00000
              morn   1 *0     1.00000
            injury   1 *0     1.00000
              more  21  12    1.75000
             knows   2   1    2.00000
          foregone   1 *0     1.00000
            excuse   2 *0     2.00000
       controlling   1 *0     1.00000
             known   1 *0     1.00000
              doom   1   1    1.00000
              glad   2   1    2.00000
           cunning   1 *0     1.00000
              none   3   4    0.75000
              hour   1 *0     1.00000
            remain   2   2    1.00000
              nine   1   1    1.00000
             learn   1 *0     1.00000
           compare   4   2    2.00000
            visage   1 *0     1.00000
             share   1 *0     1.00000
          conspire   1   1    1.00000
          thievish   1 *0     1.00000
           numbers   2 *0     2.00000
             sense   1 *0     1.00000
             sharp   1 *0     1.00000
            allege   1 *0     1.00000
              huge   2   1    2.00000
             needs   1 *0     1.00000
           comfort   2 *0     2.00000
            sacred   1   2    0.50000
              rude   2 *0     2.00000
             blood   3   3    1.00000
            coming   1   1    1.00000
           replete   1 *0     1.00000
                 a  50  34    1.47059
             short   1 *0     1.00000
             shade   3   2    1.50000
          pleasure   3 *0     3.00000
              help   1   2    0.50000
              soon   1   2    0.50000
              held   2 *0     2.00000
             paper   1   1    1.00000
           through   4   1    4.00000
             style   1 *0     1.00000
              pent   1 *0     1.00000
            inward   2 *0     2.00000
             deeds   2 *0     2.00000
             bosom   2   1    2.00000
           absence   1 *0     1.00000
        threescore   1 *0     1.00000
             might   5   8    0.62500
             alter   1 *0     1.00000
           forbear   1 *0     1.00000
              good   5   2    2.50000
           tyrants   1 *0     1.00000
           seeking   1 *0     1.00000
                ye   1   6    0.16667
        speechless   1 *0     1.00000
             walls   1 *0     1.00000
              foot   1 *0     1.00000
          complain   1 *0     1.00000
            thence   1   1    1.00000
            truths   1 *0     1.00000
         eloquence   1 *0     1.00000
              tear   1   1    1.00000
             turns   2 *0     2.00000
             found   1   1    1.00000
           yellowd   1 *0     1.00000
             heavy   3 *0     3.00000
       stormbeaten   1 *0     1.00000
            weight   1 *0     1.00000
             house   1 *0     1.00000
            orient   1   1    1.00000
           travels   1   1    1.00000
            lovers   1 *0     1.00000
             since   5  12    0.41667
            health   1 *0     1.00000
              hill   1 *0     1.00000
             print   1 *0     1.00000
           darling   1 *0     1.00000
             issue   1 *0     1.00000
           commits   2 *0     2.00000
           forgive   1 *0     1.00000
              base   1   5    0.20000
               put   2   1    2.00000
             teach   1   1    1.00000
           betwixt   1 *0     1.00000
         oersnowed   1 *0     1.00000
        corrupting   1 *0     1.00000
             gazed   1 *0     1.00000
           seeming   1   1    1.00000
              feel   1 *0     1.00000
            number   1 *0     1.00000
             elder   1 *0     1.00000
              done   2   3    0.66667
           defects   1 *0     1.00000
              moan   3   4    0.75000
             guest   1   3    0.33333
           rondure   1 *0     1.00000
          together   1   3    0.33333
             least   2   1    2.00000
             store   3   1    3.00000
             lease   2 *0     2.00000
           youngly   1 *0     1.00000
         imperfect   1 *0     1.00000
              part   8   5    1.60000
           believe   2 *0     2.00000
             grace   3  10    0.30000
              kind   1   1    1.00000
              vial   1 *0     1.00000
         rememberd   2 *0     2.00000
             youth   7   1    7.00000
        determined   1 *0     1.00000
          supposed   1 *0     1.00000
            toward   1 *0     1.00000
           trifles   1 *0     1.00000
            livery   1 *0     1.00000
            fading   1 *0     1.00000
           sensual   1 *0     1.00000
              sell   1 *0     1.00000
               lie   2   1    2.00000
            nights   2 *0     2.00000
              self  23   4    5.75000
             lifts   1 *0     1.00000
      neverresting   1 *0     1.00000
           assaild   1 *0     1.00000
             chary   1 *0     1.00000
              play   1 *0     1.00000
            unused   4 *0     4.00000
              most   8  12    0.66667
           amazeth   1 *0     1.00000
           nothing   3   5    0.60000
           seasons   2 *0     2.00000
            wastes   1 *0     1.00000
          measured   1 *0     1.00000
           windows   3 *0     3.00000
             clear   2   1    2.00000
         sometimes   1   1    1.00000
             cover   2 *0     2.00000
           reeleth   1 *0     1.00000
            barren   3 *0     3.00000
        convertest   1 *0     1.00000
           restord   1 *0     1.00000
           despisd   1 *0     1.00000
              gold   2 *0     2.00000
           wailing   1 *0     1.00000
              fond   1 *0     1.00000
           rhymers   1 *0     1.00000
           heavens   4 *0     4.00000
              fine   1 *0     1.00000
              find   6   7    0.85714
           viewest   1 *0     1.00000
          flattery   1 *0     1.00000
          shouldst   4 *0     4.00000
           deserts   1 *0     1.00000
              less   2 *0     2.00000
         beauteous   5   1    5.00000
           niggard   1 *0     1.00000
             trees   1 *0     1.00000
               hid   1   1    1.00000
            breast   4   2    2.00000
               him  15   8    1.87500
        grievances   1 *0     1.00000
            remove   1 *0     1.00000
            removd   3 *0     3.00000
              kill   1   1    1.00000
        loveliness   1 *0     1.00000
               art  26   4    6.50000
          declines   1 *0     1.00000
               see  15  17    0.88235
              bare   1 *0     1.00000
               are  19  15    1.26667
               sea   1 *0     1.00000
        presenteth   1 *0     1.00000
           outward   2 *0     2.00000
           forlorn   1 *0     1.00000
            please   2   2    1.00000
          drooping   1 *0     1.00000
            unions   1 *0     1.00000
               won   1 *0     1.00000
               woe   5   5    1.00000
             guilt   1   1    1.00000
              rite   1 *0     1.00000
            thrive   1 *0     1.00000
            endowd   1 *0     1.00000
              sole   1 *0     1.00000
              blot   1 *0     1.00000
              both   6  11    0.54545
              thou 107  26    4.11538
              anon   1 *0     1.00000
           poverty   1 *0     1.00000
           approve   1 *0     1.00000
             usest   1 *0     1.00000
           majesty   1 *0     1.00000
           reasons   2 *0     2.00000
             sweet  18   7    2.57143
              loan   1 *0     1.00000
           manners   1 *0     1.00000
             liker   1 *0     1.00000
         devouring   1 *0     1.00000
               due   4   1    4.00000
              whos   1 *0     1.00000
              whom   6   8    0.75000
            secret   1 *0     1.00000
           beautys  10   3    3.33333
          delights   2   1    2.00000
           unlookd   2 *0     2.00000
              fire   1   8    0.12500
           convert   1   1    1.00000
              else   3   3    1.00000
             lives   6 *0     6.00000
            plants   1 *0     1.00000
            piercd   1 *0     1.00000
            utmost   1 *0     1.00000
              look  10   2    5.00000
          straight   1 *0     1.00000
             while   2   1    2.00000
           kissing   1 *0     1.00000
          eclipses   1 *0     1.00000
            herein   1 *0     1.00000
            itself   1   2    0.50000
         unperfect   1 *0     1.00000
              seen   1   2    0.50000
            fairer   1   1    1.00000
           twofold   1 *0     1.00000
             grant   1 *0     1.00000
           lengths   1 *0     1.00000
           bristly   1 *0     1.00000
           wherein   1 *0     1.00000
            advisd   1 *0     1.00000
       composition   1 *0     1.00000
         selfkilld   1 *0     1.00000
          mountain   1 *0     1.00000
          husbands   1 *0     1.00000
            moment   1 *0     1.00000
            moving   1 *0     1.00000
           purpose   2 *0     2.00000
            prickd   1 *0     1.00000
         loathsome   1 *0     1.00000
              toil   3   1    3.00000
             spend   2   1    2.00000
           plagues   1 *0     1.00000
           presume   1 *0     1.00000
             salve   1 *0     1.00000
             shape   2   1    2.00000
              unto   1  18    0.05556
              gems   1 *0     1.00000
             chest   1   1    1.00000
              hues   1 *0     1.00000
              dare   1   3    0.33333
             hates   1   1    1.00000
             march   1 *0     1.00000
           lacking   1 *0     1.00000
          advocate   1 *0     1.00000
         judgement   1 *0     1.00000
         suffering   1 *0     1.00000
             quest   1 *0     1.00000
        messengers   1 *0     1.00000
            dearly   1 *0     1.00000
           follows   1 *0     1.00000
             canst   3 *0     3.00000
             often   1 *0     1.00000
            spring   1   3    0.33333
              some   8  10    0.80000
              back   4   2    2.00000
             sighs   1   8    0.12500
             sight   8   4    2.00000
           curious   1 *0     1.00000
              pale   1   1    1.00000
             shall  15  23    0.65217
              cast   1   2    0.50000
               pen   3   2    1.50000
          barrenly   1 *0     1.00000
            bearst   1 *0     1.00000
              lark   1 *0     1.00000
                be  42  38    1.10526
               oer   2 *0     2.00000
                by  38  30    1.26667
             shine   1   2    0.50000
          wrinkles   1   1    1.00000
            womens   3 *0     3.00000
           tenants   1 *0     1.00000
          youthful   1 *0     1.00000
            fleets   1 *0     1.00000
          conquest   2 *0     2.00000
            within   4   4    1.00000
          debateth   1 *0     1.00000
           because   1   2    0.50000
            scornd   1 *0     1.00000
       remembrance   2   1    2.00000
      forebemoaned   1 *0     1.00000
       featureless   1 *0     1.00000
          question   1   2    0.50000
             chide   2 *0     2.00000
              prey   1 *0     1.00000
           himself   2   1    2.00000
        graciously   1 *0     1.00000
             frost   1 *0     1.00000
              dull   1 *0     1.00000
             usury   1   1    1.00000
          directed   1 *0     1.00000
           sullied   1 *0     1.00000
                us   1   1    1.00000
         vassalage   1 *0     1.00000
              sort   1   2    0.50000
          constant   1 *0     1.00000
         influence   1 *0     1.00000
            single   4 *0     4.00000
          mightier   1 *0     1.00000
            sullen   1 *0     1.00000
            sunken   1 *0     1.00000
             gavst   1 *0     1.00000
           perusal   1 *0     1.00000
              draw   3 *0     3.00000
          elements   2 *0     2.00000
            titles   1   1    1.00000
           besiege   1 *0     1.00000
          makeless   1 *0     1.00000
            desert   1 *0     1.00000
              land   1 *0     1.00000
           happier   3 *0     3.00000
           happies   1 *0     1.00000
               age   7   3    2.33333
             wards   1 *0     1.00000
             fresh   4   2    2.00000
            having   2   3    0.66667
              once   2   5    0.40000
          highmost   1 *0     1.00000
             green   2 *0     2.00000
                go   2   1    2.00000
            uphold   1 *0     1.00000
             young   1   1    1.00000
              send   2 *0     2.00000
          debarred   1 *0     1.00000
          pleasing   1   1    1.00000
          virtuous   1 *0     1.00000
         murderous   1 *0     1.00000
           torture   1 *0     1.00000
             rhyme   3 *0     3.00000
           verdict   1   1    1.00000
          theyhast   1 *0     1.00000
              rack   1 *0     1.00000
         sovereign   1   1    1.00000
              jump   1 *0     1.00000
         issueless   1 *0     1.00000
             toild   1 *0     1.00000
             plead   2   1    2.00000
            rotten   1 *0     1.00000
             playd   1 *0     1.00000
              body   1 *0     1.00000
        melancholy   1 *0     1.00000
              sins   2 *0     2.00000
            nimble   1 *0     1.00000
            scythe   1 *0     1.00000
               let  12  10    1.20000
        separation   1 *0     1.00000
            others   2   1    2.00000
              sing   2   2    1.00000
             great   3   8    0.37500
           conceit   2 *0     2.00000
          resurvey   1 *0     1.00000
             metre   1 *0     1.00000
           leaving   1   2    0.50000
             makes   1   3    0.33333
             thats   1 *0     1.00000
              sire   1   2    0.50000
            forbid   1 *0     1.00000
           private   1   1    1.00000
            uprear   1 *0     1.00000
          instinct   1 *0     1.00000
               wit   4   4    1.00000
          decrease   1 *0     1.00000
             cloud   2 *0     2.00000
          desiring   1   1    1.00000
               use   6   2    3.00000
           cheered   1 *0     1.00000
              from  33  23    1.43478
        themselves   2   2    1.00000
             stage   2 *0     2.00000
         defendant   1 *0     1.00000
        possession   1 *0     1.00000
            pencil   1 *0     1.00000
              babe   1 *0     1.00000
            pretty   1   1    1.00000
      distillation   1 *0     1.00000
              heir   2 *0     2.00000
            gladly   1 *0     1.00000
             annoy   1   1    1.00000
           account   1 *0     1.00000
           salving   1 *0     1.00000
              this  36  17    2.11765
              ride   1 *0     1.00000
            praise   6   3    2.00000
          executor   1 *0     1.00000
              meet   1 *0     1.00000
            befits   1   1    1.00000
      thoughtsfrom   1 *0     1.00000
             vaunt   1 *0     1.00000
              high   1   3    0.33333
            sought   1   3    0.33333
               his  34  27    1.25926
             bones   1 *0     1.00000
              paws   1 *0     1.00000
       counterfeit   1 *0     1.00000
           summers   4 *0     4.00000
               sit   1   1    1.00000
             holds   1 *0     1.00000
           mightst   1 *0     1.00000
            attend   1   1    1.00000
          cancelld   1 *0     1.00000
             abuse   2   1    2.00000
             maskd   1 *0     1.00000
              tomb   2 *0     2.00000
            physic   1 *0     1.00000
             light   3  10    0.30000
              lame   2 *0     2.00000
             lines   4   4    1.00000
             chief   2 *0     2.00000
              writ   1 *0     1.00000
             allow   1 *0     1.00000
        favourites   1 *0     1.00000
           whateer   1   1    1.00000
          beauties   1   1    1.00000
              move   1   3    0.33333
         sightless   2 *0     2.00000
            whilst   2  10    0.20000
           beguile   1   1    1.00000
           dearest   2 *0     2.00000
             looks   3   1    3.00000
            tyrant   1 *0     1.00000
           thyself   5 *0     5.00000
            badges   1 *0     1.00000
           perfect   1   1    1.00000
          refusest   1 *0     1.00000
             brood   1   1    1.00000
           whereon   1   1    1.00000
             decay   5   1    5.00000
                lo   2 *0     2.00000
           banquet   1   1    1.00000
           willing   1 *0     1.00000
           greater   1   3    0.33333
            sweets   4   1    4.00000
             hands   2   1    2.00000
      newappearing   1 *0     1.00000
               day  16   1    16.00000
            worlds   2   2    1.00000
      wherethrough   1 *0     1.00000
             feast   1   1    1.00000
             slide   1 *0     1.00000
             truth   5   1    5.00000
          exceeded   1 *0     1.00000
               our   4   3    1.33333
             tenth   1 *0     1.00000
            beweep   1 *0     1.00000
               out   3  13    0.23077
          respects   1 *0     1.00000
             plods   1 *0     1.00000
           confess   1 *0     1.00000
           eyelids   1   1    1.00000
             cause   1   5    0.20000
            perish   1   1    1.00000
             frank   1 *0     1.00000
            darkly   1 *0     1.00000
           embassy   1 *0     1.00000
         attending   1   2    0.50000
            canker   1 *0     1.00000
             early   1 *0     1.00000
               her  16  78    0.20513
             could   2   3    0.66667
              keep   3   3    1.00000
              keen   1 *0     1.00000
            length   1   4    0.25000
             cures   1 *0     1.00000
            mortal   2 *0     2.00000
             hence   2 *0     2.00000
              bars   2 *0     2.00000
           quality   1 *0     1.00000
            moiety   1 *0     1.00000
             sadly   1 *0     1.00000
          ordering   1 *0     1.00000
          murdrous   1 *0     1.00000
            vulgar   2   2    1.00000
              seat   1 *0     1.00000
             their  18  25    0.72000
           fairest   1   3    0.33333
           painful   1   1    1.00000
             beard   1 *0     1.00000
          receivst   2 *0     2.00000
            spites   1 *0     1.00000
          commence   1 *0     1.00000
             loved   1   1    1.00000
             aught   1   1    1.00000
               bed   1   1    1.00000
             loves  17   6    2.83333
             lover   1 *0     1.00000
              dumb   2   2    1.00000
             false   3   3    1.00000
              neer   1   1    1.00000
            gentle   6   2    3.00000
           torment   1   1    1.00000
              have  10  20    0.50000
             sings   2   2    1.00000
            aprils   1 *0     1.00000
           gravity   1 *0     1.00000
             which  33  53    0.62264
           thheart   1 *0     1.00000
            unless   2 *0     2.00000
               who  14   6    2.33333
            offend   1   1    1.00000
     presentabsent   1 *0     1.00000
               but  58  47    1.23404
          prisoner   1 *0     1.00000
           expired   1 *0     1.00000
               why   7   9    0.77778
            afresh   1 *0     1.00000
              deny   2 *0     2.00000
          stronger   1 *0     1.00000
              face   7   7    1.00000
          pictures   1 *0     1.00000
           outlive   1 *0     1.00000
            deface   1 *0     1.00000
            wilful   1 *0     1.00000
           couldst   1 *0     1.00000
             bring   3   2    1.50000
             rough   1 *0     1.00000
        obsequious   1 *0     1.00000
          spurring   1 *0     1.00000
       impannelled   1 *0     1.00000
         alleating   1 *0     1.00000
         knowledge   2 *0     2.00000
              tird   1 *0     1.00000
            should  13  10    1.30000
              fuel   1   1    1.00000
              hope   2   9    0.22222
             meant   1 *0     1.00000
         accessary   1   1    1.00000
             means   1   3    0.33333
              bear   6   8    0.75000
        perfection   1 *0     1.00000
             words   1   4    0.25000
              spur   1 *0     1.00000
           evident   1 *0     1.00000
          offences   1 *0     1.00000
           married   1 *0     1.00000
           steepup   1 *0     1.00000
            summon   1 *0     1.00000
               she  11  31    0.35484
              view   3   4    0.75000
          farthest   1 *0     1.00000
             frame   2   3    0.66667
             shake   2   1    2.00000
            legacy   1 *0     1.00000
            violet   1 *0     1.00000
            closet   1 *0     1.00000
           pattern   1 *0     1.00000
          unseeing   1 *0     1.00000
             state   4   1    4.00000
           neither   1   3    0.33333
          dateless   1 *0     1.00000
               joy   6   3    2.00000
            sorrow   1   4    0.25000
          precious   1   1    1.00000
             weary   3   1    3.00000
             swift   2 *0     2.00000
            limits   1 *0     1.00000
       acknowledge   1 *0     1.00000
            assurd   1 *0     1.00000
             april   1 *0     1.00000
             termd   1 *0     1.00000
           streams   1 *0     1.00000
            canopy   1 *0     1.00000
          glorious   1   2    0.50000
           comment   1 *0     1.00000
             table   1 *0     1.00000
          renewest   1 *0     1.00000
          addition   1 *0     1.00000
              gaze   2   1    2.00000
              poet   1   1    1.00000
           stickst   1 *0     1.00000
             waste   3   2    1.50000
            league   1 *0     1.00000
           painted   4   1    4.00000
              lets   1 *0     1.00000
           painter   2 *0     2.00000
            sourly   2 *0     2.00000
              wilt   4   2    2.00000
        appearance   1 *0     1.00000
                as  34  26    1.30769
              will  12  14    0.85714
             riper   1 *0     1.00000
          ensconce   1 *0     1.00000
            almost   1 *0     1.00000
              thus   4   8    0.50000
        lascivious   1 *0     1.00000
              sits   1   1    1.00000
            ransom   1 *0     1.00000
             cross   2   2    1.00000
           largess   1 *0     1.00000
           adverse   1 *0     1.00000
             parts   5   1    5.00000
           duteous   1 *0     1.00000
             party   1 *0     1.00000
             flesh   1 *0     1.00000
              upon   4   9    0.44444
            effect   2 *0     2.00000
           outcast   1 *0     1.00000
           nightly   1 *0     1.00000
            pourst   1 *0     1.00000
              dust   1   1    1.00000
            steals   1 *0     1.00000
             audit   2 *0     2.00000
          scarcely   1 *0     1.00000
               off   1   1    1.00000
                 i 101 121    0.83471
              well   6   8    0.75000
           thought  10   3    3.33333
               oft   1   1    1.00000
              sets   1 *0     1.00000
           arising   1 *0     1.00000
             twire   1 *0     1.00000
              lest   1 *0     1.00000
          oppressd   2 *0     2.00000
           heavily   2 *0     2.00000
             cries   1   1    1.00000
             skill   2 *0     2.00000
              dost  11   3    3.66667
          kindness   1   1    1.00000
             field   1   1    1.00000
            onward   1 *0     1.00000
               sky   1   1    1.00000
             other   6   8    0.75000
               wet   1 *0     1.00000
              fate   1   1    1.00000
            recurd   1 *0     1.00000
           smother   1 *0     1.00000
              know   3   2    1.50000
            unseen   1   1    1.00000
              loss   4   1    4.00000
              like   9  10    0.90000
              lose   4   1    4.00000
             works   1 *0     1.00000
             lends   2 *0     2.00000
           therein   1 *0     1.00000
           decease   2 *0     2.00000
        inconstant   1 *0     1.00000
             thief   3 *0     3.00000
             alive   1 *0     1.00000
              lead   1   1    1.00000
              leap   1   1    1.00000
           passion   1   1    1.00000
             poets   2 *0     2.00000
            slight   2 *0     2.00000
          selflove   1 *0     1.00000
          although   3   3    1.00000
            worthy   3   4    0.75000
         posterity   2 *0     2.00000
         imaginary   1 *0     1.00000
            repair   3 *0     3.00000
            hiding   1 *0     1.00000
              rare   1 *0     1.00000
              owst   1 *0     1.00000
           freedom   1 *0     1.00000
            tongue   2 *0     2.00000
               own  14   2    7.00000
         childrens   1 *0     1.00000
             guard   1 *0     1.00000
           promise   1   2    0.50000
            lawful   2 *0     2.00000
            gazeth   1 *0     1.00000
          trenches   1 *0     1.00000
            spread   1 *0     1.00000
          invocate   1   1    1.00000
         fountains   1 *0     1.00000
              gain   1 *0     1.00000
               ear   1 *0     1.00000
               eat   1 *0     1.00000
               bud   2 *0     2.00000
                he  11  21    0.52381
             count   2   2    1.00000
              made   6   9    0.66667
           princes   2 *0     2.00000
             glory   2   2    1.00000
           whether   1 *0     1.00000
              wish   3 *0     3.00000
            grieve   1   1    1.00000
            grievd   1 *0     1.00000
        triumphant   1 *0     1.00000
             cruel   1   8    0.12500
         converted   2 *0     2.00000
           minutes   1 *0     1.00000
           bearing   1 *0     1.00000
            deaths   3   1    3.00000
          endeared   1 *0     1.00000
            mutual   1 *0     1.00000
             didst   1   1    1.00000
              book   1 *0     1.00000
           witness   1 *0     1.00000
            behold   2   2    1.00000
         semblance   1 *0     1.00000
              star   1   1    1.00000
        oppression   1 *0     1.00000
              stay   4 *0     4.00000
          methinks   1 *0     1.00000
            chance   1   3    0.33333
           earthly   1 *0     1.00000
         astronomy   1 *0     1.00000
           friends   4   2    2.00000
          bettring   1 *0     1.00000
            devour   1 *0     1.00000
             ranks   1 *0     1.00000
             jewel   1 *0     1.00000
             pupil   1 *0     1.00000
     determination   1 *0     1.00000
           gardens   1 *0     1.00000
* not in shakespeare:  foul 4
* not in shakespeare:  god 4
* not in shakespeare:  selfe 6
* not in shakespeare:  doo 4
* not in shakespeare:  three 4
* not in shakespeare:  been 4
* not in shakespeare:  sentence 5
* not in shakespeare:  seeing 4
* not in shakespeare:  chastity 4
* not in shakespeare:  unkind 6
* not in shakespeare:  yield 7
* not in shakespeare:  mount 4
* not in shakespeare:  speech 4
* not in shakespeare:  "i" 10
* not in shakespeare:  chloris 18
* not in shakespeare:  faire 5
* not in shakespeare:  hart 6
* not in shakespeare:  unhappy 6
* not in shakespeare:  eies 7
* not in shakespeare:  "no" 9
* not in shakespeare:  chaste 4
* not in shakespeare:  looke 5
* not in shakespeare:  fidessa 4
* not in shakespeare:  goodly 4
high words:  ['worth', 'even', 'glass', 'times', 'before', 'eternal', 'night', 'against', 'child', 'shame', 'old', 'lies', 'way', 'happy', 'form', 'clouds', 'honour', 'change', 'date', 'thine', 'mayst', 'treasure', 'many', 'verse', 'fortune', 'stars', 'gone', 'an', 'again', 'time', 'ten', 'hours', 'hast', 'eye', 'through', 'youth', 'self', 'unused', 'heavens', 'shouldst', 'beauteous', 'art', 'thou', 'due', 'lives', 'look', 'single', 'summers', 'thyself', 'decay', 'sweets', 'day', 'truth', 'state', 'painted', 'parts', 'dost', 'loss', 'lose', 'own', 'stay']
low words:  ['lord', 'pride', 'ever', 'never', 'sorrows', 'hold', 'answer', 'lay', 'they', 'forth', 'bar', 'scorn', 'weak', 'pity', 'speak', 'wound', 'dark', 'burn', 'down', 'was', 'did', 'appear', 'care', 'little', 'pain', 'tears', 'thousand', 'relief', 'either', 'whence', 'fell', 'lofty', 'you', 'worst', 'fall', 'ye', 'base', 'guest', 'together', 'grace', 'fire', 'unto', 'dare', 'spring', 'sighs', 'makes', 'high', 'sought', 'light', 'move', 'whilst', 'greater', 'out', 'cause', 'her', 'length', 'fairest', 'hope', 'means', 'words', 'she', 'neither', 'sorrow', 'cruel', 'chance', 'foul', 'god', 'selfe', 'doo', 'three', 'been', 'sentence', 'seeing', 'chastity', 'unkind', 'yield', 'mount', 'speech', '"i"', 'chloris', 'faire', 'hart', 'unhappy', 'eies', '"no"', 'chaste', 'looke', 'fidessa', 'goodly']
        gu  12  13    0.92308
        gt   5   6    0.83333
        gs  10  19    0.52632
        gr  44  49    0.89796
        gg   3   2    1.50000
        ge  59  40    1.47500
        gd   2 *0     1.00000
        ga  30  20    1.50000
        go  21  20    1.05000
        gn   4   5    0.80000
        gl  21  11    1.90909
        gi  26  17    1.52941
        gh 109 118    0.92373
        ty  52  47    1.10638
        tw  13   8    1.62500
        tt  19  24    0.79167
        tu  27  18    1.50000
        tr  56  63    0.88889
        ts  60  40    1.50000
        tn   1   8    0.12500
        to 175 236    0.74153
        tl  22  22    1.00000
        tm   1 *0     1.00000
        th 1005 841    1.19501
        ti 100  73    1.36986
        tf   1   1    1.00000
        tg   1 *0     1.00000
        te 161 142    1.13380
        tb   1 *0     1.00000
        tc   5   3    1.66667
        ta  51  60    0.85000
        zi   1 *0     1.00000
        ze   9  10    0.90000
        va   6   8    0.75000
        ip   4   8    0.50000
        vo   8   9    0.88889
        me 173 150    1.15333
        md   4 *0     4.00000
        mf   2   2    1.00000
        ma  83  80    1.03750
        mb  23  16    1.43750
        mm  14   3    4.66667
        ml   1   1    1.00000
        mo  66  68    0.97059
        mn   1   1    1.00000
        mi  59  49    1.20408
        mu  25  26    0.96154
        mp  17  24    0.70833
        ms  13   9    1.44444
        my 127 148    0.85811
        vu   2   2    1.00000
        fr  56  42    1.33333
        fs   4   3    1.33333
        ft  22  15    1.46667
        fu  12  19    0.63158
        fw   1 *0     1.00000
        fy   1   5    0.20000
        fa  59  75    0.78667
        fe  38  51    0.74510
        ff  10  23    0.43478
        fi  23  43    0.53488
        fk   1 *0     1.00000
        fl  14  17    0.82353
        fo 115  91    1.26374
        sy   1   6    0.16667
        ss  63  68    0.92647
        sp  30  49    0.61224
        sw  31  20    1.55000
        su  67  47    1.42553
        st 258 212    1.21698
        sk   5   8    0.62500
        si  61  73    0.83562
        sh 103 118    0.87288
        so  84 115    0.73043
        sn   1   1    1.00000
        sm   3  10    0.30000
        sl   9   7    1.28571
        sc   8  19    0.42105
        sb   4 *0     4.00000
        sa  39  45    0.86667
        sg   3   3    1.00000
        sf   1 *0     1.00000
        se 223 210    1.06190
        sd  11   5    2.20000
        lf  47  25    1.88000
        lg   4   2    2.00000
        ld  93  52    1.78846
        le 135 137    0.98540
        lc   2 *0     1.00000
        la  43  52    0.82692
        ln   2 *0     1.00000
        lo 170 138    1.23188
        ll 146 149    0.97987
        lm   1   5    0.20000
        li  99 109    0.90826
        lv   6   5    1.20000
        lt  20  16    1.25000
        lu   8   9    0.88889
        ls  25  25    1.00000
        lp   1   5    0.20000
        ly  40  60    0.66667
        yi   1  14    0.07143
        yh   1 *0     1.00000
        ym   5   8    0.62500
        yl   1   5    0.20000
        yo  55  82    0.67073
        ye  64  56    1.14286
        yd   1   3    0.33333
        ys  36  24    1.50000
        yr   2  18    0.11111
        yt   1   1    1.00000
        em  49  42    1.16667
        el 117 118    0.99153
        eo  11   8    1.37500
        en 264 225    1.17333
        ei  58  57    1.01754
        eh   7   2    3.50000
        ek   2   8    0.25000
        ee 160 129    1.24031
        ed  85 138    0.61594
        eg   7  11    0.63636
        ef  38  26    1.46154
        ea 265 226    1.17257
        ec  45  41    1.09756
        eb   6   6    1.00000
        ey  60  52    1.15385
        ex  13  11    1.18182
        eu   1   1    1.00000
        et 106  98    1.08163
        ew  15  29    0.51724
        ev  37  50    0.74000
        eq   3   2    1.50000
        ep  29  31    0.93548
        es 264 248    1.06452
        er 272 322    0.84472
        rt 117 104    1.12500
        ru  23  37    0.62162
        rv   8   5    1.60000
        rp   3   1    3.00000
        rr  16  22    0.72727
        rs  80  63    1.26984
        ry  32  34    0.94118
        rd  34  39    0.87179
        re 308 316    0.97468
        rf   5   2    2.50000
        rg   8   5    1.60000
        ra  66  88    0.75000
        rb   3   2    1.50000
        rc   8  13    0.61538
        rl  25  21    1.19048
        rm  16  16    1.00000
        rn  25  35    0.71429
        ro 107 105    1.01905
        rh   4   1    4.00000
        ri 110 124    0.88710
        rk   9  10    0.90000
        xi   2 *0     1.00000
        xc   6   2    3.00000
        xd   1 *0     1.00000
        xe   1   1    1.00000
        xp   4   4    1.00000
        xt   1   5    0.20000
        ke  62  83    0.74699
        kd   5 *0     5.00000
        ki  17  33    0.51515
        kn  12   7    1.71429
        kl   3   2    1.50000
        ks  10   9    1.11111
        ky   1   3    0.33333
        dn   1   3    0.33333
        do  88  93    0.94624
        dl   4  18    0.22222
        dh   1 *0     1.00000
        di  44  85    0.51765
        dg   6   2    3.00000
        dd   5  11    0.45455
        de 140 139    1.00719
        da  39  27    1.44444
        dy   5  10    0.50000
        dv   3   1    3.00000
        dw   1   1    1.00000
        du  14  11    1.27273
        dr  14  16    0.87500
        ds  43  30    1.43333
        qu  18  17    1.05882
        wn  23  11    2.09091
        wf   2   1    2.00000
        we  75  65    1.15385
        wd   2 *0     1.00000
        wa  51  53    0.96226
        wo  60  64    0.93750
        ju   4   4    1.00000
        wl   3   5    0.60000
        wi 140 122    1.14754
        wh 161 165    0.97576
        jo  10   7    1.42857
        ws  25  11    2.27273
        wr  12  19    0.63158
        je   5   6    0.83333
        ja   1 *0     1.00000
        ck  20  19    1.05263
        ci   7   7    1.00000
        ch 101 138    0.73188
        co  68  86    0.79070
        cl  16   9    1.77778
        cc   5   3    1.66667
        ca  49  59    0.83051
        ce  83 111    0.74775
        cd   2 *0     1.00000
        cy   2   4    0.50000
        cr  16  34    0.47059
        cq   1 *0     1.00000
        cu  10   7    1.42857
        ct  29  25    1.16000
        pr  55  51    1.07843
        ps   3   9    0.33333
        pp  20  17    1.17647
        pt   5   7    0.71429
        pu  12   6    2.00000
        py   8   7    1.14286
        pa  53  58    0.91379
        pd   1 *0     1.00000
        pe  45  73    0.61644
        ph   6  21    0.28571
        pi  28  37    0.75676
        po  28  42    0.66667
        pl  28  31    0.90323
        ix   3   3    1.00000
        iz   2   1    2.00000
        vd  11   1    11.00000
        ve 228 194    1.17526
        iq   3 *0     1.00000
        vi  38  37    1.02703
        is 152 168    0.90476
        ir  69 103    0.66990
        iu   2   2    1.00000
        it 170 175    0.97143
        iv  58  45    1.28889
        ik  11  15    0.73333
        vs   6   1    6.00000
        im  74  27    2.74074
        il  95  94    1.01064
        io  34  27    1.25926
        in 408 415    0.98313
        ia   4  11    0.36364
        vy   3   1    3.00000
        ic  57  75    0.76000
        ib   1 *0     1.00000
        ie  75  77    0.97403
        id  47  59    0.79661
        ig  74  77    0.96104
        if  47  31    1.51613
        bd   1 *0     1.00000
        be 146 113    1.29204
        ba  26  30    0.86667
        bb   1 *0     1.00000
        bl  27  26    1.03846
        bo  22  41    0.53659
        bi   8   9    0.88889
        bj   2   5    0.40000
        bu  73  56    1.30357
        br  38  40    0.95000
        bs  11   5    2.20000
        by  40  30    1.33333
        oo  53  75    0.70667
        on 169 184    0.91848
        om  97  74    1.31081
        ol  34  31    1.09677
        ok  22  16    1.37500
        oi   9   6    1.50000
        og   2   4    0.50000
        of 117 118    0.99153
        oe  18  18    1.00000
        od  16  26    0.61538
        oc   4  11    0.36364
        ob   4   7    0.57143
        oa  11  13    0.84615
        oy  10  18    0.55556
        ow 109  96    1.13542
        ov 105  62    1.69355
        ou 338 291    1.16151
        ot 121 117    1.03419
        os  73  48    1.52083
        or 232 262    0.88550
        oq   1 *0     1.00000
        op  16  23    0.69565
        hy 121  61    1.98361
        hr  13  16    0.81250
        hs  11  16    0.68750
        ht  85  83    1.02410
        hu  17  21    0.80952
        hh   1 *0     1.00000
        hi 208 177    1.17514
        ho 251 164    1.53049
        hl   2  21    0.09524
        hm   1   1    1.00000
        ha 245 251    0.97610
        hf   1 *0     1.00000
        hd   3 *0     1.00000
        he 532 580    0.91724
        ut 133  99    1.34343
        up  16  17    0.94118
        us  84  86    0.97674
        ur 117  91    1.28571
        um  23  14    1.64286
        ul  51  49    1.04082
        uo   1   3    0.33333
        un  70 115    0.60870
        ui  11  15    0.73333
        ue  31  36    0.86111
        ud  19   8    2.37500
        ug  47  51    0.92157
        uf   2   4    0.50000
        ua   7   3    2.33333
        uc  25  26    0.96154
        ub   8   8    1.00000
        ac  53  52    1.01923
        ab  15  13    1.15385
        ad  51  69    0.73913
        ag  40  21    1.90476
        af   8  22    0.36364
        ai  89 110    0.80909
        ah   3   3    1.00000
        ak  47  53    0.88679
        aj   1 *0     1.00000
        am  36  44    0.81818
        al 122 116    1.05172
        an 319 295    1.08136
        ap  26  34    0.76471
        as 120 134    0.89552
        ar 232 197    1.17766
        au  45  48    0.93750
        at 210 214    0.98131
        aw  14   8    1.75000
        av  57  53    1.07547
        ay  73  68    1.07353
        az   7   7    1.00000
        ni  26  23    1.13043
        nj   4   1    4.00000
        nk  13  21    0.61905
        nl  10  11    0.90909
        nn   7  18    0.38889
        no 131 126    1.03968
        na  19  14    1.35714
        nb   1 *0     1.00000
        nc  46  53    0.86792
        nd 259 280    0.92500
        ne 144 177    0.81356
        nf   6   7    0.85714
        ng 157 198    0.79293
        ny  15  13    1.15385
        np   2   3    0.66667
        nq   3   3    1.00000
        nr   1   2    0.50000
        ns  68  65    1.04615
        nt 101 129    0.78295
        nu   9   4    2.25000
        nv   7   7    1.00000
        nw   3   3    1.00000
* not in shakespeare:  yn 10
* not in shakespeare:  dm 5
* not in shakespeare:  nh 6
high letter pairs:  ['md', 'mm', 'sb', 'eh', 'rh', 'kd', 'vd', 'vs', 'nj']
low letter pairs:  ['tn', 'fy', 'sy', 'sm', 'lm', 'lp', 'yi', 'yl', 'yd', 'yr', 'ek', 'xt', 'ky', 'dn', 'dl', 'ps', 'ph', 'ia', 'oc', 'hl', 'uo', 'af', 'yn', 'dm', 'nh']
                           own sweet   3        1.00000
                             all the   5   2    2.50000
                          thy beauty   6   4    1.50000
                              and in   5   1    5.00000
                            mine eye   8        8.00000
                           mine eyes   4   2    2.00000
                              all my   4   2    2.00000
                           dost thou   3   1    3.00000
                           ten times   5        5.00000
                             my mind   4   1    4.00000
                            with thy   3   1    3.00000
                             of love   3   1    3.00000
                             or else   3   1    3.00000
                             and all   6   2    3.00000
                            self thy   3        1.00000
                             when in   4        4.00000
                               i may   4   4    1.00000
                            my verse   3        1.00000
                             how can   3   2    1.50000
                            thee and   6   3    2.00000
                               can i   5   1    5.00000
                             as thou   3   1    3.00000
                             with my   4   1    4.00000
                        against that   3        1.00000
                              that i   7   7    1.00000
                           your self   4   1    4.00000
                             self in   3        1.00000
                               for a   3        1.00000
                                do i   4   2    2.00000
                              but as   3        1.00000
                               in my   8   6    1.33333
                          beauty and   3   2    1.50000
                               and i   3   6    0.50000
                             to show   3   1    3.00000
                            thy love   3   1    3.00000
                               it is   4   4    1.00000
                            in their   4   2    2.00000
                           the other   4   1    4.00000
                            but that   3   2    1.50000
                           with thee   4   1    4.00000
                              to the   8  12    0.66667
                                i am   5   3    1.66667
                              many a   4        4.00000
                                so i   3   1    3.00000
                           the world   9   7    1.28571
                            eye doth   3        1.00000
                           than thou   3        1.00000
                              on the   4   4    1.00000
                             love of   3        1.00000
                           thou hast   3        1.00000
                               in me   3   1    3.00000
                           thine own   4        4.00000
                             of many   4        4.00000
                              is but   3        1.00000
                            love and   5   1    5.00000
                             of mine   3   3    1.00000
                            thee for   3        1.00000
                              be thy   3        1.00000
                               to me   3   5    0.60000
                              by the   3        1.00000
                              of the   3   5    0.60000
                              of thy   9   4    2.25000
                              in thy   8   2    4.00000
                              to his   3   1    3.00000
                              in the   4   2    2.00000
                              not to   6   2    3.00000
                            and that   5   1    5.00000
                             my sake   3        1.00000
                             if thou   7   1    7.00000
                           when thou   7   1    7.00000
                              i have   3   2    1.50000
                             to give   3        1.00000
                             eye and   3        1.00000
                              to say   3        1.00000
                            time and   4        4.00000
                              and by   3        1.00000
                           give that   3        1.00000
                         that beauty   3        1.00000
                             with me   3   3    1.00000
                              if the   3   2    1.50000
                             must be   3   1    3.00000
                                i do   3   2    1.50000
                            and look   3        1.00000
                            mine own   6        6.00000
                               to my   6   7    0.85714
                          that which   3        1.00000
                         thy beautys   4   1    4.00000
                             for thy   3        1.00000
                            thy fair   3        1.00000
                            my heart   7  10    0.70000
                          which thou   4   1    4.00000
                              is thy   3        1.00000
                           thy sweet   4        4.00000
                             so long   3   1    3.00000
                            thou art  18   1    18.00000
                               to be   7   7    1.00000
                             and yet   3   2    1.50000
                           thou wilt   3   2    1.50000
                          where thou   5        5.00000
                              my way   3        1.00000
                           that thou  10   1    10.00000
                             which i   4   4    1.00000
                            for thou   3   1    3.00000
                             of thee   3   1    3.00000
                               of my   9  18    0.50000
                             thee in   3        1.00000
                            and make   4        4.00000
                             and thy   3   1    3.00000
                              for my   6        6.00000
                             on thee   6        6.00000
                             then my   3   1    3.00000
                            of thine   4   2    2.00000
                             love to   3   1    3.00000
                                i in   3   1    3.00000
                            thou the   3        1.00000
                           night and   3        1.00000
                              when i   9   2    4.50000
                           so should   3        1.00000
                           my friend   3        1.00000
                               of me   4   2    2.00000
                              is not   3   1    3.00000
                             thee to   3   1    3.00000
                             in thee   6        6.00000
                          back again   3        1.00000
                            why dost   3        1.00000
                            my grief   3        1.00000
                           from thee   4   1    4.00000
                            by night   3   1    3.00000
                             and for   3        1.00000
                           thou dost   4   1    4.00000
                           more than   3        1.00000
                             the day   3        1.00000
                            from thy   3   1    3.00000
                            from the   6   4    1.50000
                               on my   4   1    4.00000
                       thou shouldst   4        4.00000
                            thy self  13        13.00000
                            the time   4        4.00000
                            my loves   4   2    2.00000
                          your sweet   3        1.00000
                              i will   3   3    1.00000
                             my love  14   6    2.33333
                          thou mayst   4        4.00000
                            for love   3        1.00000
                              by thy   3        1.00000
                              in his   4   4    1.00000
                             will be   3   1    3.00000
                            but when   3   3    1.00000
                             in love   3        1.00000
                             to thee   9   2    4.50000
                           that time   5        5.00000
not in shakespeare:  am i 4
not in shakespeare:  why should 4
not in shakespeare:  my chloris 7
not in shakespeare:  to her 7
not in shakespeare:  "i" and 4
not in shakespeare:  be so 5
not in shakespeare:  that they 5
not in shakespeare:  her so 4
not in shakespeare:  when my 4
not in shakespeare:  i to 4
not in shakespeare:  "no" and 4
not in shakespeare:  nor to 5
not in shakespeare:  by her 4
not in shakespeare:  thou must 4
not in shakespeare:  with her 5
not in shakespeare:  she doth 5
not in shakespeare:  for they 7
not in shakespeare:  for grace 4
not in shakespeare:  and "i" 6
high word pairs:  ['mine eye', 'if thou', 'when thou', 'mine own', 'thou art', 'that thou', 'for my', 'on thee', 'in thee', 'thy self']
low word pairs:  ['am i', 'why should', 'my chloris', 'to her', '"i" and', 'be so', 'that they', 'her so', 'when my', 'i to', '"no" and', 'nor to', 'by her', 'thou must', 'with her', 'she doth', 'for they', 'for grace', 'and "i"']
                             all and   3   1    3.00000
                              for my   4   2    2.00000
                              i mine   3        1.00000
                             thy art   3   1    3.00000
                             that to   7   2    3.50000
                            this the   3        1.00000
                              that i   5   8    0.62500
                                i so   3   2    1.50000
                             so make   3        1.00000
                             but for   4   2    2.00000
                             to when   3   4    0.75000
                            that the   4   9    0.44444
                            that thy   3   1    3.00000
                              my and   5   6    0.83333
                             thou to   6   1    6.00000
                              so all   3   1    3.00000
                             in your   3        1.00000
                               as to   5   2    2.50000
                                a to   3   1    3.00000
                              for in   3   1    3.00000
                          world with   3        1.00000
                              be thy   3   1    3.00000
                               of to   5   4    1.25000
                             and but   5  10    0.50000
                              on and   3        1.00000
                             in that   3   4    0.75000
                               my to   4   6    0.66667
                           doth doth   3   1    3.00000
                           with that   5   3    1.66667
                               is of   3   1    3.00000
                             for the   8   4    2.00000
                               my of   3   4    0.75000
                             thou my   4        4.00000
                            then the   3        1.00000
                              as and   4   1    4.00000
                            thou the   3        1.00000
                                a of   3   2    1.50000
                            thou thy   4   1    4.00000
                             where i   3   2    1.50000
                              his to   3   3    1.00000
                              how if   4        4.00000
                             what to   3        1.00000
                             so that   3   4    0.75000
                              if and   4        4.00000
                            with his   3   1    3.00000
                             thou of   4   4    1.00000
                               it it   3   1    3.00000
                            the that   7   5    1.40000
                            and love   3   2    1.50000
                               my my   7  16    0.43750
                            thee thy   3   1    3.00000
                             to thee   4        4.00000
                              and in   5   5    1.00000
                             with do   3        1.00000
                              can to   3        1.00000
                              my the   5   9    0.55556
                             for and  10   3    3.33333
                              a your   3        1.00000
                                it a   3   2    1.50000
                             do thou   4        4.00000
                              and or   3   1    3.00000
                              and of   6   3    2.00000
                                i of   4   4    1.00000
                               my in   3   4    0.75000
                           some some   4   2    2.00000
                              of own   3        1.00000
                               and i   5   5    1.00000
                            for thou   4        4.00000
                             his his   3   5    0.60000
                            in their   3        1.00000
                              as but   3   2    1.50000
                               i the   6   3    2.00000
                              and my   4   2    2.00000
                                my i   3   2    1.50000
                                my a   3   3    1.00000
                               to no   3        1.00000
                               in my   5   3    1.66667
                            thy thou   5   1    5.00000
                            for that   4   2    2.00000
                              of the   4   4    1.00000
                              of thy   7   1    7.00000
                             thee me   6        6.00000
                               so to   3   1    3.00000
                               i and   8   9    0.88889
                               of is   3        1.00000
                               of in   3   3    1.00000
                               in of   5   1    5.00000
                               my me   3   4    0.75000
                             nor nor   3   6    0.50000
                              and as   7   2    3.50000
                              of and  11   1    11.00000
                               of of   6   3    2.00000
                               of or   4        4.00000
                               in is   4   2    2.00000
                               in in   5   4    1.25000
                               to be   3   2    1.50000
                             not and   3   2    1.50000
                            for thee   3        1.00000
                              to but   5   3    1.66667
                              thou i   4   2    2.00000
                            the what   3        1.00000
                             and the  11   7    1.57143
                             and thy   4   1    4.00000
                             his the   3   1    3.00000
                               o and   3        1.00000
                              when i   3   1    3.00000
                            and with   4   6    0.66667
                             the are   4        4.00000
                            thy thee   4        4.00000
                             the yet   3   1    3.00000
                                to a   4   1    4.00000
                              to for   5   3    1.66667
                             thy for   4   1    4.00000
                             your of   4        4.00000
                               the a   8   3    2.66667
                               the i   8   4    2.00000
                             thou in   3        1.00000
                            to which   4   2    2.00000
                              in and   6   7    0.85714
                             my thou   5        5.00000
                               i not   3   1    3.00000
                              i that   4   7    0.57143
                                i my   4   8    0.50000
                                of a   3   3    1.00000
                                of i   5   5    1.00000
                              you to   3   3    1.00000
                             the for   3   2    1.50000
                                i on   3   1    3.00000
                            this and   3   2    1.50000
                             why and   3   1    3.00000
                              of not   4   2    2.00000
                           my beauty   3        1.00000
                              the to   7   4    1.75000
                             of doth   3        1.00000
                               be my   3        1.00000
                            what and   3   1    3.00000
                           beauty in   3        1.00000
                                i to   4   5    0.80000
                           that when   3        1.00000
                              is and   3   2    1.50000
                              i thou   3        1.00000
                           what that   3        1.00000
                            and when   7        7.00000
                            the with   4   4    1.00000
                             with my   3   5    0.60000
                              and so   5   6    0.83333
                              your i   3        1.00000
                            that and   7   4    1.75000
                              do the   3   1    3.00000
                            with and   5   5    1.00000
                            when but   4        4.00000
                             that me   3        1.00000
                             that my   3   1    3.00000
                                in i   3   3    1.00000
                           that thou   3        1.00000
                             with of   6   1    6.00000
                             of thee   6        6.00000
                            than the   3        1.00000
                             be thee   3        1.00000
                            and thou   5   4    1.25000
                              and to  10   9    1.11111
                            some and   3        1.00000
                            thou and   5   2    2.50000
                             thy the   6   1    6.00000
                             thy thy   7   2    3.50000
                               so or   3        1.00000
                           thy which   3        1.00000
                             and for   8   4    2.00000
                                as i   3   1    3.00000
                               a thy   3        1.00000
                               a the   3   3    1.00000
                           thou thou   7   3    2.33333
                             but the   7   5    1.40000
                              not of   4        4.00000
                             of that   5   6    0.83333
                             be that   4   1    4.00000
                             the his   3   2    1.50000
                              thy my   4   1    4.00000
                            with the   4   4    1.00000
                            with thy   4        4.00000
                             to with   3   4    0.75000
                           that this   4   1    4.00000
                            from and   3   1    3.00000
                             of thou   6   1    6.00000
                             this to   3   2    1.50000
                            have and   4        4.00000
                               to if   3        1.00000
                            and then   7   3    2.33333
                              thy of   6   1    6.00000
                             in with   4        4.00000
                              o when   3        1.00000
                               to to   3  20    0.15000
                         against and   3        1.00000
                              and no   3   1    3.00000
                              but as   3        1.00000
                               me of   3        1.00000
                             love me   3   2    1.50000
                             you you   5   9    0.55556
                             and one   4   1    4.00000
                               to of   5   8    0.62500
                              thee i   3        1.00000
                           thee that   4        4.00000
                              so thy   5        5.00000
                              to thy   3   1    3.00000
                              to the  10   8    1.25000
                               of do   3        1.00000
                           the world   3        1.00000
                               i but   3   2    1.50000
                             the and   7  12    0.58333
                             love of   4   2    2.00000
                               to my   3   7    0.42857
                             the but   3   5    0.60000
                              the is   4   5    0.80000
                              the in   6   3    2.00000
                              in thy   4        4.00000
                             art thy   4        4.00000
                            and that   8   9    0.88889
                                me i   3   5    0.60000
                               thy i   4        4.00000
                               thy a   3        1.00000
                              to and   6   6    1.00000
                              and by   3   3    1.00000
                            when and  10   4    2.50000
                              o that   3   1    3.00000
                          that which   4   1    4.00000
                              by but   3        1.00000
                             the the  14  30    0.46667
                             the thy   7   1    7.00000
                           which and   6        6.00000
                            thou art   3        1.00000
                             in make   4        4.00000
                              as the   4        4.00000
                         their their   3        1.00000
                           that that   3   5    0.60000
                             but and   9  10    0.90000
                              the my   8   9    0.88889
                             that of   4   3    1.33333
                           love love   4   2    2.00000
                             is with   3        1.00000
                             thy and   4   2    2.00000
                              but in   3   1    3.00000
                             this in   4        4.00000
                            where to   4   1    4.00000
                             of your   4   2    2.00000
                              the of   9   6    1.50000
                               as in   4        4.00000
                            the have   3   1    3.00000
                             the not   3   2    1.50000
                             my with   4   3    1.33333
                             and and  20  21    0.95238
                            of could   3   1    3.00000
                             in this   4        4.00000
not in shakespeare:  me and 4
not in shakespeare:  and your 4
not in shakespeare:  she and 5
not in shakespeare:  they they 7
not in shakespeare:  but but 9
not in shakespeare:  of her 4
not in shakespeare:  her her 11
not in shakespeare:  did to 4
not in shakespeare:  yet and 8
not in shakespeare:  my doth 4
not in shakespeare:  i with 4
not in shakespeare:  you i 5
not in shakespeare:  sweet sweet 6
not in shakespeare:  her my 4
not in shakespeare:  love and 4
not in shakespeare:  her in 6
not in shakespeare:  her and 4
not in shakespeare:  in to 4
not in shakespeare:  which to 4
not in shakespeare:  me me 5
not in shakespeare:  with i 6
not in shakespeare:  she she 4
high vertical pairs:  ['thou to', 'thy thou', 'of thy', 'thee me', 'in of', 'of and', 'my thou', 'and when', 'with of', 'of thee', 'thy the', 'of thou', 'thy of', 'so thy', 'the thy', 'which and']
low vertical pairs:  ['to to', 'me and', 'and your', 'she and', 'they they', 'but but', 'of her', 'her her', 'did to', 'yet and', 'my doth', 'i with', 'you i', 'sweet sweet', 'her my', 'love and', 'her in', 'her and', 'in to', 'which to', 'me me', 'with i', 'she she']
thresholds:  3.46820317312 0.367356090223 3.38310197037 0.366919825994 5.04054893116 0.445208715939 4.16058982088 0.23356840741
